This is XeTeX, Version 3.141592653-2.6-0.999997 (TeX Live 2025) (preloaded format=xelatex 2025.3.14)  13 FEB 2026 11:27
entering extended mode
 restricted \write18 enabled.
 file:line:error style messages enabled.
 %&-line parsing enabled.
**template
(./template.tex
LaTeX2e <2024-11-01> patch level 2
L3 programming layer <2025-01-18>
(./Definitions/mdpi.cls
Document Class: Definitions/mdpi 16/12/2025 MDPI paper class
(d:/APP/texlive/2025/texmf-dist/tex/latex/base/article.cls
Document Class: article 2024/06/29 v1.4n Standard LaTeX document class
(d:/APP/texlive/2025/texmf-dist/tex/latex/base/size10.clo
File: size10.clo 2024/06/29 v1.4n Standard LaTeX file (size option)
)
\c@part=\count192
\c@section=\count193
\c@subsection=\count194
\c@subsubsection=\count195
\c@paragraph=\count196
\c@subparagraph=\count197
\c@figure=\count198
\c@table=\count199
\abovecaptionskip=\skip49
\belowcaptionskip=\skip50
\bibindent=\dimen141
) (d:/APP/texlive/2025/texmf-dist/tex/latex/base/fontenc.sty
Package: fontenc 2021/04/29 v2.0v Standard LaTeX package
LaTeX Font Info:    Trying to load font information for T1+lmr on input line 116.
 (d:/APP/texlive/2025/texmf-dist/tex/latex/lm/t1lmr.fd
File: t1lmr.fd 2015/05/01 v1.6.1 Font defs for Latin Modern
)) (d:/APP/texlive/2025/texmf-dist/tex/latex/base/inputenc.sty
Package: inputenc 2024/02/08 v1.3d Input encoding file
\inpenc@prehook=\toks17
\inpenc@posthook=\toks18


Package inputenc Warning: inputenc package ignored with utf8 based engines.

) (d:/APP/texlive/2025/texmf-dist/tex/latex/tools/calc.sty
Package: calc 2023/07/08 v4.3 Infix arithmetic (KKT,FJ)
\calc@Acount=\count266
\calc@Bcount=\count267
\calc@Adimen=\dimen142
\calc@Bdimen=\dimen143
\calc@Askip=\skip51
\calc@Bskip=\skip52
LaTeX Info: Redefining \setlength on input line 80.
LaTeX Info: Redefining \addtolength on input line 81.
\calc@Ccount=\count268
\calc@Cskip=\skip53
) (d:/APP/texlive/2025/texmf-dist/tex/latex/tools/indentfirst.sty
Package: indentfirst 2023/07/02 v1.03 Indent first paragraph (DPC)
) (d:/APP/texlive/2025/texmf-dist/tex/latex/fancyhdr/fancyhdr.sty
Package: fancyhdr 2025/02/07 v5.2 Extensive control of page headers and footers
\f@nch@headwidth=\skip54
\f@nch@offset@elh=\skip55
\f@nch@offset@erh=\skip56
\f@nch@offset@olh=\skip57
\f@nch@offset@orh=\skip58
\f@nch@offset@elf=\skip59
\f@nch@offset@erf=\skip60
\f@nch@offset@olf=\skip61
\f@nch@offset@orf=\skip62
\f@nch@height=\skip63
\f@nch@footalignment=\skip64
\f@nch@widthL=\skip65
\f@nch@widthC=\skip66
\f@nch@widthR=\skip67
\@temptokenb=\toks19
) (d:/APP/texlive/2025/texmf-dist/tex/latex/graphics/graphicx.sty
Package: graphicx 2021/09/16 v1.2d Enhanced LaTeX Graphics (DPC,SPQR)
 (d:/APP/texlive/2025/texmf-dist/tex/latex/graphics/keyval.sty
Package: keyval 2022/05/29 v1.15 key=value parser (DPC)
\KV@toks@=\toks20
) (d:/APP/texlive/2025/texmf-dist/tex/latex/graphics/graphics.sty
Package: graphics 2024/08/06 v1.4g Standard LaTeX Graphics (DPC,SPQR)
 (d:/APP/texlive/2025/texmf-dist/tex/latex/graphics/trig.sty
Package: trig 2023/12/02 v1.11 sin cos tan (DPC)
) (d:/APP/texlive/2025/texmf-dist/tex/latex/graphics-cfg/graphics.cfg
File: graphics.cfg 2016/06/04 v1.11 sample graphics configuration
)
Package graphics Info: Driver file: pdftex.def on input line 106.
 (d:/APP/texlive/2025/texmf-dist/tex/latex/graphics-def/pdftex.def
File: pdftex.def 2024/04/13 v1.2c Graphics/color driver for pdftex
))
\Gin@req@height=\dimen144
\Gin@req@width=\dimen145
) (d:/APP/texlive/2025/texmf-dist/tex/latex/epstopdf-pkg/epstopdf.sty
Package: epstopdf 2020-01-24 v2.11 Conversion with epstopdf on the fly (HO)
 (d:/APP/texlive/2025/texmf-dist/tex/generic/infwarerr/infwarerr.sty
Package: infwarerr 2019/12/03 v1.5 Providing info/warning/error messages (HO)
) (d:/APP/texlive/2025/texmf-dist/tex/latex/grfext/grfext.sty
Package: grfext 2019/12/03 v1.3 Manage graphics extensions (HO)
 (d:/APP/texlive/2025/texmf-dist/tex/generic/kvdefinekeys/kvdefinekeys.sty
Package: kvdefinekeys 2019-12-19 v1.6 Define keys (HO)
)) (d:/APP/texlive/2025/texmf-dist/tex/latex/kvoptions/kvoptions.sty
Package: kvoptions 2022-06-15 v3.15 Key value format for package options (HO)
 (d:/APP/texlive/2025/texmf-dist/tex/generic/ltxcmds/ltxcmds.sty
Package: ltxcmds 2023-12-04 v1.26 LaTeX kernel commands for general use (HO)
) (d:/APP/texlive/2025/texmf-dist/tex/latex/kvsetkeys/kvsetkeys.sty
Package: kvsetkeys 2022-10-05 v1.19 Key value parser (HO)
)) (d:/APP/texlive/2025/texmf-dist/tex/generic/pdftexcmds/pdftexcmds.sty
Package: pdftexcmds 2020-06-27 v0.33 Utility functions of pdfTeX for LuaTeX (HO)
 (d:/APP/texlive/2025/texmf-dist/tex/generic/iftex/iftex.sty
Package: iftex 2024/12/12 v1.0g TeX engine tests
)
Package pdftexcmds Info: \pdf@primitive is available.
Package pdftexcmds Info: \pdf@ifprimitive is available.
Package pdftexcmds Info: \pdfdraftmode not found.
) (d:/APP/texlive/2025/texmf-dist/tex/latex/epstopdf-pkg/epstopdf-base.sty
Package: epstopdf-base 2020-01-24 v2.11 Base part for package epstopdf
Package epstopdf-base Info: Redefining graphics rule for `.eps' on input line 485.
Package grfext Info: Graphics extension search list:
(grfext)             [.pdf,.png,.jpg,.mps,.jpeg,.jbig2,.jb2,.PDF,.PNG,.JPG,.JPEG,.JBIG2,.JB2,.eps]
(grfext)             \AppendGraphicsExtensions on input line 504.
 (d:/APP/texlive/2025/texmf-dist/tex/latex/latexconfig/epstopdf-sys.cfg
File: epstopdf-sys.cfg 2010/07/13 v1.3 Configuration of (r)epstopdf for TeX Live
))) (d:/APP/texlive/2025/texmf-dist/tex/latex/lastpage/lastpage.sty
Package: lastpage 2025/01/27 v2.1e lastpage: 2.09 or 2e? (HMM)
 (d:/APP/texlive/2025/texmf-dist/tex/latex/lastpage/lastpage2e.sty
Package: lastpage2e 2025/01/27 v2.1e Decide which 2e lastpage version to use (HMM)
 (d:/APP/texlive/2025/texmf-dist/tex/latex/lastpage/lastpagemodern.sty
Package: lastpagemodern 2025-01-27 v2.1e Refers to last page's name (HMM; JPG)
\c@lastpagecount=\count269
) 
)) (d:/APP/texlive/2025/texmf-dist/tex/latex/base/ifthen.sty
Package: ifthen 2024/03/16 v1.1e Standard LaTeX ifthen package (DPC)
) (d:/APP/texlive/2025/texmf-dist/tex/latex/float/float.sty
Package: float 2001/11/08 v1.3d Float enhancements (AL)
\c@float@type=\count270
\float@exts=\toks21
\float@box=\box52
\@float@everytoks=\toks22
\@floatcapt=\box53
) (d:/APP/texlive/2025/texmf-dist/tex/latex/amsmath/amsmath.sty
Package: amsmath 2024/11/05 v2.17t AMS math features
\@mathmargin=\skip68

For additional information on amsmath, use the `?' option.
(d:/APP/texlive/2025/texmf-dist/tex/latex/amsmath/amstext.sty
Package: amstext 2021/08/26 v2.01 AMS text
 (d:/APP/texlive/2025/texmf-dist/tex/latex/amsmath/amsgen.sty
File: amsgen.sty 1999/11/30 v2.0 generic functions
\@emptytoks=\toks23
\ex@=\dimen146
)) (d:/APP/texlive/2025/texmf-dist/tex/latex/amsmath/amsbsy.sty
Package: amsbsy 1999/11/29 v1.2d Bold Symbols
\pmbraise@=\dimen147
) (d:/APP/texlive/2025/texmf-dist/tex/latex/amsmath/amsopn.sty
Package: amsopn 2022/04/08 v2.04 operator names
)
\inf@bad=\count271
LaTeX Info: Redefining \frac on input line 233.
\uproot@=\count272
\leftroot@=\count273
LaTeX Info: Redefining \overline on input line 398.
LaTeX Info: Redefining \colon on input line 409.
\classnum@=\count274
\DOTSCASE@=\count275
LaTeX Info: Redefining \ldots on input line 495.
LaTeX Info: Redefining \dots on input line 498.
LaTeX Info: Redefining \cdots on input line 619.
\Mathstrutbox@=\box54
\strutbox@=\box55
LaTeX Info: Redefining \big on input line 721.
LaTeX Info: Redefining \Big on input line 722.
LaTeX Info: Redefining \bigg on input line 723.
LaTeX Info: Redefining \Bigg on input line 724.
\big@size=\dimen148
LaTeX Font Info:    Redeclaring font encoding OML on input line 742.
LaTeX Font Info:    Redeclaring font encoding OMS on input line 743.
\macc@depth=\count276
LaTeX Info: Redefining \bmod on input line 904.
LaTeX Info: Redefining \pmod on input line 909.
LaTeX Info: Redefining \smash on input line 939.
LaTeX Info: Redefining \relbar on input line 969.
LaTeX Info: Redefining \Relbar on input line 970.
\c@MaxMatrixCols=\count277
\dotsspace@=\muskip17
\c@parentequation=\count278
\dspbrk@lvl=\count279
\tag@help=\toks24
\row@=\count280
\column@=\count281
\maxfields@=\count282
\andhelp@=\toks25
\eqnshift@=\dimen149
\alignsep@=\dimen150
\tagshift@=\dimen151
\tagwidth@=\dimen152
\totwidth@=\dimen153
\lineht@=\dimen154
\@envbody=\toks26
\multlinegap=\skip69
\multlinetaggap=\skip70
\mathdisplay@stack=\toks27
LaTeX Info: Redefining \[ on input line 2953.
LaTeX Info: Redefining \] on input line 2954.
) (d:/APP/texlive/2025/texmf-dist/tex/latex/amsfonts/amssymb.sty
Package: amssymb 2013/01/14 v3.01 AMS font symbols
 (d:/APP/texlive/2025/texmf-dist/tex/latex/amsfonts/amsfonts.sty
Package: amsfonts 2013/01/14 v3.01 Basic AMSFonts support
\symAMSa=\mathgroup4
\symAMSb=\mathgroup5
LaTeX Font Info:    Redeclaring math symbol \hbar on input line 98.
LaTeX Font Info:    Overwriting math alphabet `\mathfrak' in version `bold'
(Font)                  U/euf/m/n --> U/euf/b/n on input line 106.
)) (d:/APP/texlive/2025/texmf-dist/tex/latex/lineno/lineno.sty
Package: lineno 2025/01/29 line numbers on paragraphs v5.4
 (d:/APP/texlive/2025/texmf-dist/tex/latex/etoolbox/etoolbox.sty
Package: etoolbox 2025/02/11 v2.5l e-TeX tools for LaTeX (JAW)
\etb@tempcnta=\count283
)
\linenopenalty=\count284
\output=\toks28
\linenoprevgraf=\count285
\linenumbersep=\dimen155
\linenumberwidth=\dimen156
\c@linenumber=\count286
\c@pagewiselinenumber=\count287
\c@LN@truepage=\count288
\c@internallinenumber=\count289
\c@internallinenumbers=\count290
\quotelinenumbersep=\dimen157
\bframerule=\dimen158
\bframesep=\dimen159
\bframebox=\box56
\@LN@amsmath@ams@eqpen=\count291
LaTeX Info: Redefining \\ on input line 3187.
) (d:/APP/texlive/2025/texmf-dist/tex/latex/setspace/setspace.sty
Package: setspace 2022/12/04 v6.7b set line spacing
) (d:/APP/texlive/2025/texmf-dist/tex/latex/enumitem/enumitem.sty
Package: enumitem 2025/02/06 v3.11 Customized lists
\labelindent=\skip71
\enit@outerparindent=\dimen160
\enit@toks=\toks29
\enit@inbox=\box57
\enit@count@id=\count292
\enitdp@description=\count293
) (d:/APP/texlive/2025/texmf-dist/tex/latex/psnfss/mathpazo.sty
Package: mathpazo 2020/03/25 PSNFSS-v9.3 Palatino w/ Pazo Math (D.Puga, WaS) 
\symupright=\mathgroup6
) (d:/APP/texlive/2025/texmf-dist/tex/latex/booktabs/booktabs.sty
Package: booktabs 2020/01/12 v1.61803398 Publication quality tables
\heavyrulewidth=\dimen161
\lightrulewidth=\dimen162
\cmidrulewidth=\dimen163
\belowrulesep=\dimen164
\belowbottomsep=\dimen165
\aboverulesep=\dimen166
\abovetopsep=\dimen167
\cmidrulesep=\dimen168
\cmidrulekern=\dimen169
\defaultaddspace=\dimen170
\@cmidla=\count294
\@cmidlb=\count295
\@aboverulesep=\dimen171
\@belowrulesep=\dimen172
\@thisruleclass=\count296
\@lastruleclass=\count297
\@thisrulewidth=\dimen173
) (d:/APP/texlive/2025/texmf-dist/tex/latex/titlesec/titlesec.sty
Package: titlesec 2025/01/04 v2.17 Sectioning titles
\ttl@box=\box58
\beforetitleunit=\skip72
\aftertitleunit=\skip73
\ttl@plus=\dimen174
\ttl@minus=\dimen175
\ttl@toksa=\toks30
\titlewidth=\dimen176
\titlewidthlast=\dimen177
\titlewidthfirst=\dimen178
) (d:/APP/texlive/2025/texmf-dist/tex/latex/tabto-ltx/tabto.sty
Package: tabto 2018/12/28  v 1.4  Another tabbing mechanism
\CurrentLineWidth=\dimen179
\TabPrevPos=\dimen180
) (d:/APP/texlive/2025/texmf-dist/tex/latex/xcolor/xcolor.sty
Package: xcolor 2024/09/29 v3.02 LaTeX color extensions (UK)
 (d:/APP/texlive/2025/texmf-dist/tex/latex/graphics-cfg/color.cfg
File: color.cfg 2016/01/02 v1.6 sample color configuration
)
Package xcolor Info: Driver file: pdftex.def on input line 274.
 (d:/APP/texlive/2025/texmf-dist/tex/latex/graphics/mathcolor.ltx)
Package xcolor Info: Model `cmy' substituted by `cmy0' on input line 1349.
Package xcolor Info: Model `hsb' substituted by `rgb' on input line 1353.
Package xcolor Info: Model `RGB' extended on input line 1365.
Package xcolor Info: Model `HTML' substituted by `rgb' on input line 1367.
Package xcolor Info: Model `Hsb' substituted by `hsb' on input line 1368.
Package xcolor Info: Model `tHsb' substituted by `hsb' on input line 1369.
Package xcolor Info: Model `HSB' substituted by `hsb' on input line 1370.
Package xcolor Info: Model `Gray' substituted by `gray' on input line 1371.
Package xcolor Info: Model `wave' substituted by `hsb' on input line 1372.

d:/APP/texlive/2025/texmf-dist/tex/latex/xcolor/xcolor.sty:1461: Undefined control sequence.
\set@color ->\pdfcolorstack 
                            \@pdfcolorstack push{\current@color }\aftergroup...
l.1461 \color{black}
                    
The control sequence at the end of the top line
of your error message was never \def'ed. If you have
misspelled it (e.g., `\hobx'), type `I' and the correct
spelling (e.g., `I\hbox'). Otherwise just continue,
and I'll forget about whatever was undefined.


d:/APP/texlive/2025/texmf-dist/tex/latex/xcolor/xcolor.sty:1461: LaTeX Error: Missing \begin{document}.

See the LaTeX manual or LaTeX Companion for explanation.
Type  H <return>  for immediate help.
 ...                                              
                                                  
l.1461 \color{black}
                    
You're in trouble here.  Try typing  <return>  to proceed.
If that doesn't work, type  X <return>  to quit.

) (d:/APP/texlive/2025/texmf-dist/tex/latex/colortbl/colortbl.sty
Package: colortbl 2024/07/06 v1.0i Color table columns (DPC)
 (d:/APP/texlive/2025/texmf-dist/tex/latex/tools/array.sty
Package: array 2024/10/17 v2.6g Tabular extension package (FMi)
\col@sep=\dimen181
\ar@mcellbox=\box59
\extrarowheight=\dimen182
\NC@list=\toks31
\extratabsurround=\skip74
\backup@length=\skip75
\ar@cellbox=\box60
)
\everycr=\toks32
\minrowclearance=\skip76
\rownum=\count298
) (d:/APP/texlive/2025/texmf-dist/tex/generic/soul/soul.sty
Package: soul 2023-06-14 v3.1 Permit use of UTF-8 characters in soul (HO)
 (d:/APP/texlive/2025/texmf-dist/tex/generic/soul/soul-ori.sty
Package: soul-ori 2023-06-14 v3.1 letterspacing/underlining (mf)
\SOUL@word=\toks33
\SOUL@lasttoken=\toks34
\SOUL@syllable=\toks35
\SOUL@cmds=\toks36
\SOUL@buffer=\toks37
\SOUL@token=\toks38
\SOUL@syllgoal=\dimen183
\SOUL@syllwidth=\dimen184
\SOUL@charkern=\dimen185
\SOUL@hyphkern=\dimen186
\SOUL@dimen=\dimen187
\SOUL@dimeni=\dimen188
\SOUL@minus=\count299
\SOUL@comma=\count300
\SOUL@apo=\count301
\SOUL@grave=\count302
\SOUL@spaceskip=\skip77
\SOUL@ttwidth=\dimen189
\SOUL@uldp=\dimen190
\SOUL@ulht=\dimen191
) (d:/APP/texlive/2025/texmf-dist/tex/generic/etexcmds/etexcmds.sty
Package: etexcmds 2019/12/15 v1.7 Avoid name clashes with e-TeX commands (HO)
)) (d:/APP/texlive/2025/texmf-dist/tex/latex/multirow/multirow.sty
Package: multirow 2024/11/12 v2.9 Span multiple rows of a table
\multirow@colwidth=\skip78
\multirow@cntb=\count303
\multirow@dima=\skip79
\bigstrutjot=\dimen192
) (d:/APP/texlive/2025/texmf-dist/tex/latex/microtype/microtype.sty
Package: microtype 2025/02/11 v3.2a Micro-typographical refinements (RS)
\MT@toks=\toks39
\MT@tempbox=\box61
\MT@count=\count304
LaTeX Info: Redefining \noprotrusionifhmode on input line 1087.
LaTeX Info: Redefining \leftprotrusion on input line 1088.
\MT@prot@toks=\toks40
LaTeX Info: Redefining \rightprotrusion on input line 1107.
LaTeX Info: Redefining \textls on input line 1449.
\MT@outer@kern=\dimen193
LaTeX Info: Redefining \microtypecontext on input line 2053.
LaTeX Info: Redefining \textmicrotypecontext on input line 2070.
\MT@listname@count=\count305
 (d:/APP/texlive/2025/texmf-dist/tex/latex/microtype/microtype-xetex.def
File: microtype-xetex.def 2025/02/11 v3.2a Definitions specific to xetex (RS)
LaTeX Info: Redefining \lsstyle on input line 443.
LaTeX Info: Redefining \lslig on input line 451.
\MT@outer@space=\skip80
)
Package microtype Info: Loading configuration file microtype.cfg.
 (d:/APP/texlive/2025/texmf-dist/tex/latex/microtype/microtype.cfg
File: microtype.cfg 2025/02/11 v3.2a microtype main configuration file (RS)
)
LaTeX Info: Redefining \microtypesetup on input line 3065.
) (d:/APP/texlive/2025/texmf-dist/tex/latex/pgf/frontendlayer/tikz.sty (d:/APP/texlive/2025/texmf-dist/tex/latex/pgf/basiclayer/pgf.sty (d:/APP/texlive/2025/texmf-dist/tex/latex/pgf/utilities/pgfrcs.sty (d:/APP/texlive/2025/texmf-dist/tex/generic/pgf/utilities/pgfutil-common.tex
\pgfutil@everybye=\toks41
\pgfutil@tempdima=\dimen194
\pgfutil@tempdimb=\dimen195
) (d:/APP/texlive/2025/texmf-dist/tex/generic/pgf/utilities/pgfutil-latex.def
\pgfutil@abb=\box62
) (d:/APP/texlive/2025/texmf-dist/tex/generic/pgf/utilities/pgfrcs.code.tex (d:/APP/texlive/2025/texmf-dist/tex/generic/pgf/pgf.revision.tex)
Package: pgfrcs 2023-01-15 v3.1.10 (3.1.10)
))
Package: pgf 2023-01-15 v3.1.10 (3.1.10)
 (d:/APP/texlive/2025/texmf-dist/tex/latex/pgf/basiclayer/pgfcore.sty (d:/APP/texlive/2025/texmf-dist/tex/latex/pgf/systemlayer/pgfsys.sty (d:/APP/texlive/2025/texmf-dist/tex/generic/pgf/systemlayer/pgfsys.code.tex
Package: pgfsys 2023-01-15 v3.1.10 (3.1.10)
 (d:/APP/texlive/2025/texmf-dist/tex/generic/pgf/utilities/pgfkeys.code.tex
\pgfkeys@pathtoks=\toks42
\pgfkeys@temptoks=\toks43
 (d:/APP/texlive/2025/texmf-dist/tex/generic/pgf/utilities/pgfkeyslibraryfiltered.code.tex
\pgfkeys@tmptoks=\toks44
))
\pgf@x=\dimen196
\pgf@y=\dimen197
\pgf@xa=\dimen198
\pgf@ya=\dimen199
\pgf@xb=\dimen256
\pgf@yb=\dimen257
\pgf@xc=\dimen258
\pgf@yc=\dimen259
\pgf@xd=\dimen260
\pgf@yd=\dimen261
\w@pgf@writea=\write3
\r@pgf@reada=\read2
\c@pgf@counta=\count306
\c@pgf@countb=\count307
\c@pgf@countc=\count308
\c@pgf@countd=\count309
\t@pgf@toka=\toks45
\t@pgf@tokb=\toks46
\t@pgf@tokc=\toks47
\pgf@sys@id@count=\count310
 (d:/APP/texlive/2025/texmf-dist/tex/generic/pgf/systemlayer/pgf.cfg
File: pgf.cfg 2023-01-15 v3.1.10 (3.1.10)
)
Driver file for pgf: pgfsys-pdftex.def
 (d:/APP/texlive/2025/texmf-dist/tex/generic/pgf/systemlayer/pgfsys-pdftex.def
File: pgfsys-pdftex.def 2023-01-15 v3.1.10 (3.1.10)
 (d:/APP/texlive/2025/texmf-dist/tex/generic/pgf/systemlayer/pgfsys-common-pdf.def
File: pgfsys-common-pdf.def 2023-01-15 v3.1.10 (3.1.10)
)
d:/APP/texlive/2025/texmf-dist/tex/generic/pgf/systemlayer/pgfsys-pdftex.def:385: Undefined control sequence.
\pgf@sys@setuppdfresources@plain ->\pdfobj 
                                           reserveobjnum \edef \pgf@sys@pdf@...
l.385 \pgfutil@setuppdfresources
                                 % possibly call the above
The control sequence at the end of the top line
of your error message was never \def'ed. If you have
misspelled it (e.g., `\hobx'), type `I' and the correct
spelling (e.g., `I\hbox'). Otherwise just continue,
and I'll forget about whatever was undefined.


d:/APP/texlive/2025/texmf-dist/tex/generic/pgf/systemlayer/pgfsys-pdftex.def:385: LaTeX Error: Missing \begin{document}.

See the LaTeX manual or LaTeX Companion for explanation.
Type  H <return>  for immediate help.
 ...                                              
                                                  
l.385 \pgfutil@setuppdfresources
                                 % possibly call the above
You're in trouble here.  Try typing  <return>  to proceed.
If that doesn't work, type  X <return>  to quit.

d:/APP/texlive/2025/texmf-dist/tex/generic/pgf/systemlayer/pgfsys-pdftex.def:385: Undefined control sequence.
\pgf@sys@setuppdfresources@plain ...e \pdflastobj 
                                                  } \pdfobj reserveobjnum \e...
l.385 \pgfutil@setuppdfresources
                                 % possibly call the above
The control sequence at the end of the top line
of your error message was never \def'ed. If you have
misspelled it (e.g., `\hobx'), type `I' and the correct
spelling (e.g., `I\hbox'). Otherwise just continue,
and I'll forget about whatever was undefined.

d:/APP/texlive/2025/texmf-dist/tex/generic/pgf/systemlayer/pgfsys-pdftex.def:385: You can't use `end-group character }' after \the.
\pgf@sys@setuppdfresources@plain ... \pdflastobj }
                                                   \pdfobj reserveobjnum \ed...
l.385 \pgfutil@setuppdfresources
                                 % possibly call the above
I'm forgetting what you said and using zero instead.

d:/APP/texlive/2025/texmf-dist/tex/generic/pgf/systemlayer/pgfsys-pdftex.def:385: Undefined control sequence.
\pgf@sys@setuppdfresources@plain ...obj } \pdfobj 
                                                  reserveobjnum \edef \pgf@s...
l.385 \pgfutil@setuppdfresources
                                 % possibly call the above
The control sequence at the end of the top line
of your error message was never \def'ed. If you have
misspelled it (e.g., `\hobx'), type `I' and the correct
spelling (e.g., `I\hbox'). Otherwise just continue,
and I'll forget about whatever was undefined.

d:/APP/texlive/2025/texmf-dist/tex/generic/pgf/systemlayer/pgfsys-pdftex.def:385: Undefined control sequence.
\pgf@sys@setuppdfresources@plain ...attern@objnum 
                                                  {\the \pdflastobj } \pdfob...
l.385 \pgfutil@setuppdfresources
                                 % possibly call the above
The control sequence at the end of the top line
of your error message was never \def'ed. If you have
misspelled it (e.g., `\hobx'), type `I' and the correct
spelling (e.g., `I\hbox'). Otherwise just continue,
and I'll forget about whatever was undefined.

d:/APP/texlive/2025/texmf-dist/tex/generic/pgf/systemlayer/pgfsys-pdftex.def:385: Undefined control sequence.
\pgf@sys@setuppdfresources@plain ...e \pdflastobj 
                                                  } \pdfobj reserveobjnum \e...
l.385 \pgfutil@setuppdfresources
                                 % possibly call the above
The control sequence at the end of the top line
of your error message was never \def'ed. If you have
misspelled it (e.g., `\hobx'), type `I' and the correct
spelling (e.g., `I\hbox'). Otherwise just continue,
and I'll forget about whatever was undefined.

d:/APP/texlive/2025/texmf-dist/tex/generic/pgf/systemlayer/pgfsys-pdftex.def:385: You can't use `end-group character }' after \the.
\pgf@sys@setuppdfresources@plain ... \pdflastobj }
                                                   \pdfobj reserveobjnum \ed...
l.385 \pgfutil@setuppdfresources
                                 % possibly call the above
I'm forgetting what you said and using zero instead.

d:/APP/texlive/2025/texmf-dist/tex/generic/pgf/systemlayer/pgfsys-pdftex.def:385: Undefined control sequence.
\pgf@sys@setuppdfresources@plain ...obj } \pdfobj 
                                                  reserveobjnum \edef \pgf@s...
l.385 \pgfutil@setuppdfresources
                                 % possibly call the above
The control sequence at the end of the top line
of your error message was never \def'ed. If you have
misspelled it (e.g., `\hobx'), type `I' and the correct
spelling (e.g., `I\hbox'). Otherwise just continue,
and I'll forget about whatever was undefined.

d:/APP/texlive/2025/texmf-dist/tex/generic/pgf/systemlayer/pgfsys-pdftex.def:385: Undefined control sequence.
\pgf@sys@setuppdfresources@plain ...spaces@objnum 
                                                  {\the \pdflastobj } \def \...
l.385 \pgfutil@setuppdfresources
                                 % possibly call the above
The control sequence at the end of the top line
of your error message was never \def'ed. If you have
misspelled it (e.g., `\hobx'), type `I' and the correct
spelling (e.g., `I\hbox'). Otherwise just continue,
and I'll forget about whatever was undefined.

d:/APP/texlive/2025/texmf-dist/tex/generic/pgf/systemlayer/pgfsys-pdftex.def:385: Undefined control sequence.
\pgf@sys@setuppdfresources@plain ...e \pdflastobj 
                                                  } \def \pgf@sys@pdf@possib...
l.385 \pgfutil@setuppdfresources
                                 % possibly call the above
The control sequence at the end of the top line
of your error message was never \def'ed. If you have
misspelled it (e.g., `\hobx'), type `I' and the correct
spelling (e.g., `I\hbox'). Otherwise just continue,
and I'll forget about whatever was undefined.

d:/APP/texlive/2025/texmf-dist/tex/generic/pgf/systemlayer/pgfsys-pdftex.def:385: You can't use `end-group character }' after \the.
\pgf@sys@setuppdfresources@plain ... \pdflastobj }
                                                   \def \pgf@sys@pdf@possibl...
l.385 \pgfutil@setuppdfresources
                                 % possibly call the above
I'm forgetting what you said and using zero instead.

d:/APP/texlive/2025/texmf-dist/tex/generic/pgf/systemlayer/pgfsys-pdftex.def:385: Undefined control sequence.
\pgf@sys@setuppdfresources@plain ...ble@resources 
                                                  {/ColorSpace \pgf@sys@pdf@...
l.385 \pgfutil@setuppdfresources
                                 % possibly call the above
The control sequence at the end of the top line
of your error message was never \def'ed. If you have
misspelled it (e.g., `\hobx'), type `I' and the correct
spelling (e.g., `I\hbox'). Otherwise just continue,
and I'll forget about whatever was undefined.

d:/APP/texlive/2025/texmf-dist/tex/generic/pgf/systemlayer/pgfsys-pdftex.def:385: Undefined control sequence.
\pgf@sys@setuppdfresources@plain ...spaces@objnum 
                                                  \space 0 R /Pattern \pgf@s...
l.385 \pgfutil@setuppdfresources
                                 % possibly call the above
The control sequence at the end of the top line
of your error message was never \def'ed. If you have
misspelled it (e.g., `\hobx'), type `I' and the correct
spelling (e.g., `I\hbox'). Otherwise just continue,
and I'll forget about whatever was undefined.

d:/APP/texlive/2025/texmf-dist/tex/generic/pgf/systemlayer/pgfsys-pdftex.def:385: Undefined control sequence.
\pgf@sys@setuppdfresources@plain ...attern@objnum 
                                                  \space 0 R /ExtGState \pgf...
l.385 \pgfutil@setuppdfresources
                                 % possibly call the above
The control sequence at the end of the top line
of your error message was never \def'ed. If you have
misspelled it (e.g., `\hobx'), type `I' and the correct
spelling (e.g., `I\hbox'). Otherwise just continue,
and I'll forget about whatever was undefined.

d:/APP/texlive/2025/texmf-dist/tex/generic/pgf/systemlayer/pgfsys-pdftex.def:385: Undefined control sequence.
\pgf@sys@setuppdfresources@plain ...@extgs@objnum 
                                                  \space 0 R } \let \pgf@sys...
l.385 \pgfutil@setuppdfresources
                                 % possibly call the above
The control sequence at the end of the top line
of your error message was never \def'ed. If you have
misspelled it (e.g., `\hobx'), type `I' and the correct
spelling (e.g., `I\hbox'). Otherwise just continue,
and I'll forget about whatever was undefined.

d:/APP/texlive/2025/texmf-dist/tex/generic/pgf/systemlayer/pgfsys-pdftex.def:385: Undefined control sequence.
\pgf@sys@setuppdfresources@plain ...eck@resources 
                                                  =\relax \def \pgf@sys@pdf@...
l.385 \pgfutil@setuppdfresources
                                 % possibly call the above
The control sequence at the end of the top line
of your error message was never \def'ed. If you have
misspelled it (e.g., `\hobx'), type `I' and the correct
spelling (e.g., `I\hbox'). Otherwise just continue,
and I'll forget about whatever was undefined.

d:/APP/texlive/2025/texmf-dist/tex/generic/pgf/systemlayer/pgfsys-pdftex.def:385: Undefined control sequence.
\pgf@sys@setuppdfresources@plain ...pageresources 
                                                  { { \edef \temp { \pgf@sys...
l.385 \pgfutil@setuppdfresources
                                 % possibly call the above
The control sequence at the end of the top line
of your error message was never \def'ed. If you have
misspelled it (e.g., `\hobx'), type `I' and the correct
spelling (e.g., `I\hbox'). Otherwise just continue,
and I'll forget about whatever was undefined.

d:/APP/texlive/2025/texmf-dist/tex/generic/pgf/systemlayer/pgfsys-pdftex.def:385: Undefined control sequence.
\pgf@sys@setuppdfresources@plain ...{ \edef \temp 
                                                  { \pgf@sys@pdf@possible@re...
l.385 \pgfutil@setuppdfresources
                                 % possibly call the above
The control sequence at the end of the top line
of your error message was never \def'ed. If you have
misspelled it (e.g., `\hobx'), type `I' and the correct
spelling (e.g., `I\hbox'). Otherwise just continue,
and I'll forget about whatever was undefined.

d:/APP/texlive/2025/texmf-dist/tex/generic/pgf/systemlayer/pgfsys-pdftex.def:385: Undefined control sequence.
\pgf@sys@setuppdfresources@plain ...ble@resources 
                                                  } \expandafter \global \ex...
l.385 \pgfutil@setuppdfresources
                                 % possibly call the above
The control sequence at the end of the top line
of your error message was never \def'ed. If you have
misspelled it (e.g., `\hobx'), type `I' and the correct
spelling (e.g., `I\hbox'). Otherwise just continue,
and I'll forget about whatever was undefined.

d:/APP/texlive/2025/texmf-dist/tex/generic/pgf/systemlayer/pgfsys-pdftex.def:385: Undefined control sequence.
\pgf@sys@setuppdfresources@plain ...dafter {\temp 
                                                  } } } \pgf@sys@pdf@install...
l.385 \pgfutil@setuppdfresources
                                 % possibly call the above
The control sequence at the end of the top line
of your error message was never \def'ed. If you have
misspelled it (e.g., `\hobx'), type `I' and the correct
spelling (e.g., `I\hbox'). Otherwise just continue,
and I'll forget about whatever was undefined.

d:/APP/texlive/2025/texmf-dist/tex/generic/pgf/systemlayer/pgfsys-pdftex.def:385: Undefined control sequence.
<recently read> \pdfpageresources 
                                  
l.385 \pgfutil@setuppdfresources
                                 % possibly call the above
The control sequence at the end of the top line
of your error message was never \def'ed. If you have
misspelled it (e.g., `\hobx'), type `I' and the correct
spelling (e.g., `I\hbox'). Otherwise just continue,
and I'll forget about whatever was undefined.

d:/APP/texlive/2025/texmf-dist/tex/generic/pgf/systemlayer/pgfsys-pdftex.def:385: Undefined control sequence.
\pgf@sys@setuppdfresources@plain ...pageresources 
                                                  \expandafter \pgfutil@ever...
l.385 \pgfutil@setuppdfresources
                                 % possibly call the above
The control sequence at the end of the top line
of your error message was never \def'ed. If you have
misspelled it (e.g., `\hobx'), type `I' and the correct
spelling (e.g., `I\hbox'). Otherwise just continue,
and I'll forget about whatever was undefined.

d:/APP/texlive/2025/texmf-dist/tex/generic/pgf/systemlayer/pgfsys-pdftex.def:385: Undefined control sequence.
\pgf@sys@setuppdfresources@plain ...diate \pdfobj 
                                                  useobjnum \pgf@sys@pdf@ext...
l.385 \pgfutil@setuppdfresources
                                 % possibly call the above
The control sequence at the end of the top line
of your error message was never \def'ed. If you have
misspelled it (e.g., `\hobx'), type `I' and the correct
spelling (e.g., `I\hbox'). Otherwise just continue,
and I'll forget about whatever was undefined.

d:/APP/texlive/2025/texmf-dist/tex/generic/pgf/systemlayer/pgfsys-pdftex.def:385: Undefined control sequence.
\pgf@sys@setuppdfresources@plain ...@extgs@objnum 
                                                  {<<\pgf@sys@pgf@resource@l...
l.385 \pgfutil@setuppdfresources
                                 % possibly call the above
The control sequence at the end of the top line
of your error message was never \def'ed. If you have
misspelled it (e.g., `\hobx'), type `I' and the correct
spelling (e.g., `I\hbox'). Otherwise just continue,
and I'll forget about whatever was undefined.

d:/APP/texlive/2025/texmf-dist/tex/generic/pgf/systemlayer/pgfsys-pdftex.def:385: Undefined control sequence.
\pgf@sys@setuppdfresources@plain ...ce@list@extgs 
                                                  >>}\immediate \pdfobj useo...
l.385 \pgfutil@setuppdfresources
                                 % possibly call the above
The control sequence at the end of the top line
of your error message was never \def'ed. If you have
misspelled it (e.g., `\hobx'), type `I' and the correct
spelling (e.g., `I\hbox'). Otherwise just continue,
and I'll forget about whatever was undefined.

d:/APP/texlive/2025/texmf-dist/tex/generic/pgf/systemlayer/pgfsys-pdftex.def:385: Undefined control sequence.
\pgf@sys@setuppdfresources@plain ...diate \pdfobj 
                                                  useobjnum \pgf@sys@pdf@pat...
l.385 \pgfutil@setuppdfresources
                                 % possibly call the above
The control sequence at the end of the top line
of your error message was never \def'ed. If you have
misspelled it (e.g., `\hobx'), type `I' and the correct
spelling (e.g., `I\hbox'). Otherwise just continue,
and I'll forget about whatever was undefined.

d:/APP/texlive/2025/texmf-dist/tex/generic/pgf/systemlayer/pgfsys-pdftex.def:385: Undefined control sequence.
\pgf@sys@setuppdfresources@plain ...attern@objnum 
                                                  {<<\pgf@sys@pgf@resource@l...
l.385 \pgfutil@setuppdfresources
                                 % possibly call the above
The control sequence at the end of the top line
of your error message was never \def'ed. If you have
misspelled it (e.g., `\hobx'), type `I' and the correct
spelling (e.g., `I\hbox'). Otherwise just continue,
and I'll forget about whatever was undefined.

d:/APP/texlive/2025/texmf-dist/tex/generic/pgf/systemlayer/pgfsys-pdftex.def:385: Undefined control sequence.
\pgf@sys@setuppdfresources@plain ...list@patterns 
                                                  >>}\immediate \pdfobj useo...
l.385 \pgfutil@setuppdfresources
                                 % possibly call the above
The control sequence at the end of the top line
of your error message was never \def'ed. If you have
misspelled it (e.g., `\hobx'), type `I' and the correct
spelling (e.g., `I\hbox'). Otherwise just continue,
and I'll forget about whatever was undefined.

d:/APP/texlive/2025/texmf-dist/tex/generic/pgf/systemlayer/pgfsys-pdftex.def:385: Undefined control sequence.
\pgf@sys@setuppdfresources@plain ...diate \pdfobj 
                                                  useobjnum \pgf@sys@pdf@col...
l.385 \pgfutil@setuppdfresources
                                 % possibly call the above
The control sequence at the end of the top line
of your error message was never \def'ed. If you have
misspelled it (e.g., `\hobx'), type `I' and the correct
spelling (e.g., `I\hbox'). Otherwise just continue,
and I'll forget about whatever was undefined.

d:/APP/texlive/2025/texmf-dist/tex/generic/pgf/systemlayer/pgfsys-pdftex.def:385: Undefined control sequence.
\pgf@sys@setuppdfresources@plain ...spaces@objnum 
                                                  {<<\pgf@sys@pgf@resource@l...
l.385 \pgfutil@setuppdfresources
                                 % possibly call the above
The control sequence at the end of the top line
of your error message was never \def'ed. If you have
misspelled it (e.g., `\hobx'), type `I' and the correct
spelling (e.g., `I\hbox'). Otherwise just continue,
and I'll forget about whatever was undefined.

d:/APP/texlive/2025/texmf-dist/tex/generic/pgf/systemlayer/pgfsys-pdftex.def:385: Undefined control sequence.
\pgf@sys@setuppdfresources@plain ...t@colorspaces 
                                                  >>}} \let \pgf@sys@pgf@res...
l.385 \pgfutil@setuppdfresources
                                 % possibly call the above
The control sequence at the end of the top line
of your error message was never \def'ed. If you have
misspelled it (e.g., `\hobx'), type `I' and the correct
spelling (e.g., `I\hbox'). Otherwise just continue,
and I'll forget about whatever was undefined.

d:/APP/texlive/2025/texmf-dist/tex/generic/pgf/systemlayer/pgfsys-pdftex.def:385: Undefined control sequence.
\pgf@sys@setuppdfresources@plain ...ce@list@extgs 
                                                  =\pgfutil@empty \let \pgf@...
l.385 \pgfutil@setuppdfresources
                                 % possibly call the above
The control sequence at the end of the top line
of your error message was never \def'ed. If you have
misspelled it (e.g., `\hobx'), type `I' and the correct
spelling (e.g., `I\hbox'). Otherwise just continue,
and I'll forget about whatever was undefined.

d:/APP/texlive/2025/texmf-dist/tex/generic/pgf/systemlayer/pgfsys-pdftex.def:385: Undefined control sequence.
\pgf@sys@setuppdfresources@plain ...list@patterns 
                                                  =\pgfutil@empty \let \pgf@...
l.385 \pgfutil@setuppdfresources
                                 % possibly call the above
The control sequence at the end of the top line
of your error message was never \def'ed. If you have
misspelled it (e.g., `\hobx'), type `I' and the correct
spelling (e.g., `I\hbox'). Otherwise just continue,
and I'll forget about whatever was undefined.

d:/APP/texlive/2025/texmf-dist/tex/generic/pgf/systemlayer/pgfsys-pdftex.def:385: Undefined control sequence.
\pgf@sys@setuppdfresources@plain ...t@colorspaces 
                                                  =\pgfutil@empty \def \pgf@...
l.385 \pgfutil@setuppdfresources
                                 % possibly call the above
The control sequence at the end of the top line
of your error message was never \def'ed. If you have
misspelled it (e.g., `\hobx'), type `I' and the correct
spelling (e.g., `I\hbox'). Otherwise just continue,
and I'll forget about whatever was undefined.

d:/APP/texlive/2025/texmf-dist/tex/generic/pgf/systemlayer/pgfsys-pdftex.def:385: Undefined control sequence.
\pgf@sys@setuppdfresources@plain ...e@extgs@plain 
                                                  ##1{\xdef \pgf@sys@pgf@res...
l.385 \pgfutil@setuppdfresources
                                 % possibly call the above
The control sequence at the end of the top line
of your error message was never \def'ed. If you have
misspelled it (e.g., `\hobx'), type `I' and the correct
spelling (e.g., `I\hbox'). Otherwise just continue,
and I'll forget about whatever was undefined.

d:/APP/texlive/2025/texmf-dist/tex/generic/pgf/systemlayer/pgfsys-pdftex.def:385: Illegal parameter number in definition of \pgf@sys@pdf@extgs@objnum.
<to be read again> 
                   1
l.385 \pgfutil@setuppdfresources
                                 % possibly call the above
You meant to type ## instead of #, right?
Or maybe a } was forgotten somewhere earlier, and things
are all screwed up? I'm going to assume that you meant ##.

d:/APP/texlive/2025/texmf-dist/tex/generic/pgf/systemlayer/pgfsys-pdftex.def:385: Undefined control sequence.
\pgf@sys@setuppdfresources@plain ...ce@list@extgs 
                                                  {\pgf@sys@pgf@resource@lis...
l.385 \pgfutil@setuppdfresources
                                 % possibly call the above
The control sequence at the end of the top line
of your error message was never \def'ed. If you have
misspelled it (e.g., `\hobx'), type `I' and the correct
spelling (e.g., `I\hbox'). Otherwise just continue,
and I'll forget about whatever was undefined.

d:/APP/texlive/2025/texmf-dist/tex/generic/pgf/systemlayer/pgfsys-pdftex.def:385: Undefined control sequence.
\pgf@sys@setuppdfresources@plain ...ce@list@extgs 
                                                  \space ##1}} \def \pgf@sys...
l.385 \pgfutil@setuppdfresources
                                 % possibly call the above
The control sequence at the end of the top line
of your error message was never \def'ed. If you have
misspelled it (e.g., `\hobx'), type `I' and the correct
spelling (e.g., `I\hbox'). Otherwise just continue,
and I'll forget about whatever was undefined.

d:/APP/texlive/2025/texmf-dist/tex/generic/pgf/systemlayer/pgfsys-pdftex.def:385: Illegal parameter number in definition of \pgf@sys@pdf@extgs@objnum.
<to be read again> 
                   1
l.385 \pgfutil@setuppdfresources
                                 % possibly call the above
You meant to type ## instead of #, right?
Or maybe a } was forgotten somewhere earlier, and things
are all screwed up? I'm going to assume that you meant ##.

d:/APP/texlive/2025/texmf-dist/tex/generic/pgf/systemlayer/pgfsys-pdftex.def:385: Undefined control sequence.
\pgf@sys@setuppdfresources@plain ...atterns@plain 
                                                  ##1{\xdef \pgf@sys@pgf@res...
l.385 \pgfutil@setuppdfresources
                                 % possibly call the above
The control sequence at the end of the top line
of your error message was never \def'ed. If you have
misspelled it (e.g., `\hobx'), type `I' and the correct
spelling (e.g., `I\hbox'). Otherwise just continue,
and I'll forget about whatever was undefined.

d:/APP/texlive/2025/texmf-dist/tex/generic/pgf/systemlayer/pgfsys-pdftex.def:385: Illegal parameter number in definition of \pgf@sys@pdf@extgs@objnum.
<to be read again> 
                   1
l.385 \pgfutil@setuppdfresources
                                 % possibly call the above
You meant to type ## instead of #, right?
Or maybe a } was forgotten somewhere earlier, and things
are all screwed up? I'm going to assume that you meant ##.

d:/APP/texlive/2025/texmf-dist/tex/generic/pgf/systemlayer/pgfsys-pdftex.def:385: Undefined control sequence.
\pgf@sys@setuppdfresources@plain ...list@patterns 
                                                  {\pgf@sys@pgf@resource@lis...
l.385 \pgfutil@setuppdfresources
                                 % possibly call the above
The control sequence at the end of the top line
of your error message was never \def'ed. If you have
misspelled it (e.g., `\hobx'), type `I' and the correct
spelling (e.g., `I\hbox'). Otherwise just continue,
and I'll forget about whatever was undefined.

d:/APP/texlive/2025/texmf-dist/tex/generic/pgf/systemlayer/pgfsys-pdftex.def:385: Undefined control sequence.
\pgf@sys@setuppdfresources@plain ...list@patterns 
                                                  \space ##1}} \def \pgf@sys...
l.385 \pgfutil@setuppdfresources
                                 % possibly call the above
The control sequence at the end of the top line
of your error message was never \def'ed. If you have
misspelled it (e.g., `\hobx'), type `I' and the correct
spelling (e.g., `I\hbox'). Otherwise just continue,
and I'll forget about whatever was undefined.

d:/APP/texlive/2025/texmf-dist/tex/generic/pgf/systemlayer/pgfsys-pdftex.def:385: Illegal parameter number in definition of \pgf@sys@pdf@extgs@objnum.
<to be read again> 
                   1
l.385 \pgfutil@setuppdfresources
                                 % possibly call the above
You meant to type ## instead of #, right?
Or maybe a } was forgotten somewhere earlier, and things
are all screwed up? I'm going to assume that you meant ##.

d:/APP/texlive/2025/texmf-dist/tex/generic/pgf/systemlayer/pgfsys-pdftex.def:385: Undefined control sequence.
\pgf@sys@setuppdfresources@plain ...rspaces@plain 
                                                  ##1{\xdef \pgf@sys@pgf@res...
l.385 \pgfutil@setuppdfresources
                                 % possibly call the above
The control sequence at the end of the top line
of your error message was never \def'ed. If you have
misspelled it (e.g., `\hobx'), type `I' and the correct
spelling (e.g., `I\hbox'). Otherwise just continue,
and I'll forget about whatever was undefined.

d:/APP/texlive/2025/texmf-dist/tex/generic/pgf/systemlayer/pgfsys-pdftex.def:385: Illegal parameter number in definition of \pgf@sys@pdf@extgs@objnum.
<to be read again> 
                   1
l.385 \pgfutil@setuppdfresources
                                 % possibly call the above
You meant to type ## instead of #, right?
Or maybe a } was forgotten somewhere earlier, and things
are all screwed up? I'm going to assume that you meant ##.

d:/APP/texlive/2025/texmf-dist/tex/generic/pgf/systemlayer/pgfsys-pdftex.def:385: Undefined control sequence.
\pgf@sys@setuppdfresources@plain ...t@colorspaces 
                                                  {\pgf@sys@pgf@resource@lis...
l.385 \pgfutil@setuppdfresources
                                 % possibly call the above
The control sequence at the end of the top line
of your error message was never \def'ed. If you have
misspelled it (e.g., `\hobx'), type `I' and the correct
spelling (e.g., `I\hbox'). Otherwise just continue,
and I'll forget about whatever was undefined.

d:/APP/texlive/2025/texmf-dist/tex/generic/pgf/systemlayer/pgfsys-pdftex.def:385: Undefined control sequence.
\pgf@sys@setuppdfresources@plain ...t@colorspaces 
                                                  \space ##1}} 
l.385 \pgfutil@setuppdfresources
                                 % possibly call the above
The control sequence at the end of the top line
of your error message was never \def'ed. If you have
misspelled it (e.g., `\hobx'), type `I' and the correct
spelling (e.g., `I\hbox'). Otherwise just continue,
and I'll forget about whatever was undefined.

d:/APP/texlive/2025/texmf-dist/tex/generic/pgf/systemlayer/pgfsys-pdftex.def:385: Illegal parameter number in definition of \pgf@sys@pdf@extgs@objnum.
<to be read again> 
                   1
l.385 \pgfutil@setuppdfresources
                                 % possibly call the above
You meant to type ## instead of #, right?
Or maybe a } was forgotten somewhere earlier, and things
are all screwed up? I'm going to assume that you meant ##.

d:/APP/texlive/2025/texmf-dist/tex/generic/pgf/systemlayer/pgfsys-pdftex.def:387: Undefined control sequence.
\pgfutil@addpdfresource@colorspaces ...aces@plain 
                                                  {#1}
l.387 ...rspaces{ /pgfprgb [/Pattern /DeviceRGB] }
                                                  
The control sequence at the end of the top line
of your error message was never \def'ed. If you have
misspelled it (e.g., `\hobx'), type `I' and the correct
spelling (e.g., `I\hbox'). Otherwise just continue,
and I'll forget about whatever was undefined.

d:/APP/texlive/2025/texmf-dist/tex/generic/pgf/systemlayer/pgfsys-pdftex.def:390: Undefined control sequence.
l.390     \pdfliteral
                     {\csname\string\color@#1\endcsname}%
The control sequence at the end of the top line
of your error message was never \def'ed. If you have
misspelled it (e.g., `\hobx'), type `I' and the correct
spelling (e.g., `I\hbox'). Otherwise just continue,
and I'll forget about whatever was undefined.

)
Runaway definition?
->0 reserveobjnum \edef {0 reserveobjnum \edef {0 \def {/ColorSpace  \ETC.
d:/APP/texlive/2025/texmf-dist/tex/generic/pgf/systemlayer/pgfsys.code.tex:1757: File ended while scanning definition of \pgf@sys@pdf@extgs@objnum.
<inserted text> 
                }
l.1757 ...iver file ``\pgfsysdriver'' not found.}}
                                                  
I suspect you have forgotten a `}', causing me
to read past where you wanted me to stop.
I'll try to recover; but if the error is serious,
you'd better type `E' or `X' now and fix your file.

)
Runaway definition?
->0 reserveobjnum \edef {0 reserveobjnum \edef {0 \def {/ColorSpace  \ETC.
d:/APP/texlive/2025/texmf-dist/tex/latex/pgf/systemlayer/pgfsys.sty:16: File ended while scanning definition of \pgf@sys@pdf@extgs@objnum.
<inserted text> 
                }
l.16 \input{pgfsys.code.tex}
                            
I suspect you have forgotten a `}', causing me
to read past where you wanted me to stop.
I'll try to recover; but if the error is serious,
you'd better type `E' or `X' now and fix your file.

d:/APP/texlive/2025/texmf-dist/tex/latex/pgf/systemlayer/pgfsys.sty:17: Missing \endcsname inserted.
<to be read again> 
                   \protect 
l.17 \input
           {pgfsyssoftpath.code.tex}
The control sequence marked <to be read again> should
not appear between \csname and \endcsname.

d:/APP/texlive/2025/texmf-dist/tex/latex/pgf/systemlayer/pgfsys.sty:17: Use of \??? doesn't match its definition.
<argument> \???  
                 ! LaTeX Error: \protect invalid in file name. Lost: \InputI...
l.17 \input
           {pgfsyssoftpath.code.tex}
If you say, e.g., `\def\a1{...}', then you must always
put `1' after `\a', since control sequence names are
made up of letters only. The macro here has not been
followed by the required stuff, so I'm ignoring it.

d:/APP/texlive/2025/texmf-dist/tex/latex/pgf/systemlayer/pgfsys.sty:17: Missing \endcsname inserted.
<to be read again> 
                   \protect 
l.17 \input
           {pgfsyssoftpath.code.tex}
The control sequence marked <to be read again> should
not appear between \csname and \endcsname.

d:/APP/texlive/2025/texmf-dist/tex/latex/pgf/systemlayer/pgfsys.sty:17: Use of \??? doesn't match its definition.
<argument> \???  
                 ! LaTeX Error: \protect invalid in file name. Lost: \InputI...
l.17 \input
           {pgfsyssoftpath.code.tex}
If you say, e.g., `\def\a1{...}', then you must always
put `1' after `\a', since control sequence names are
made up of letters only. The macro here has not been
followed by the required stuff, so I'm ignoring it.

d:/APP/texlive/2025/texmf-dist/tex/latex/pgf/systemlayer/pgfsys.sty:17: Argument of \@iinput has an extra }.
<inserted text> 
                \par 
l.17 \input
           {pgfsyssoftpath.code.tex}
I've run across a `}' that doesn't seem to match anything.
For example, `\def\a#1{...}' and `\a}' would produce
this error. If you simply proceed now, the `\par' that
I've just inserted will cause me to report a runaway
argument that might be the root of the problem. But if
your `}' was spurious, just type `2' and it will go away.

Runaway argument?
d:/APP/texlive/2025/texmf-dist/tex/latex/pgf/systemlayer/pgfsys.sty:17: Paragraph ended before \@iinput was complete.
<to be read again> 
                   \par 
l.17 \input
           {pgfsyssoftpath.code.tex}
I suspect you've forgotten a `}', causing me to apply this
control sequence to too much text. How can we recover?
My plan is to forget the whole thing and hope for the best.

d:/APP/texlive/2025/texmf-dist/tex/latex/pgf/systemlayer/pgfsys.sty:17: Missing \endcsname inserted.
<to be read again> 
                   \scan_stop: 
l.17 \input
           {pgfsyssoftpath.code.tex}
The control sequence marked <to be read again> should
not appear between \csname and \endcsname.

d:/APP/texlive/2025/texmf-dist/tex/latex/pgf/systemlayer/pgfsys.sty:17: Use of \??? doesn't match its definition.
<argument> \???  
                 ! LaTeX Error: \scan_stop: invalid in file name. Lost: \mod...
l.17 \input
           {pgfsyssoftpath.code.tex}
If you say, e.g., `\def\a1{...}', then you must always
put `1' after `\a', since control sequence names are
made up of letters only. The macro here has not been
followed by the required stuff, so I'm ignoring it.

d:/APP/texlive/2025/texmf-dist/tex/latex/pgf/systemlayer/pgfsys.sty:17: Argument of \__file_name_expand_cleanup:Nw has an extra }.
<inserted text> 
                \par 
l.17 \input
           {pgfsyssoftpath.code.tex}
I've run across a `}' that doesn't seem to match anything.
For example, `\def\a#1{...}' and `\a}' would produce
this error. If you simply proceed now, the `\par' that
I've just inserted will cause me to report a runaway
argument that might be the root of the problem. But if
your `}' was spurious, just type `2' and it will go away.

Runaway argument?
d:/APP/texlive/2025/texmf-dist/tex/latex/pgf/systemlayer/pgfsys.sty:17: Paragraph ended before \__file_name_expand_cleanup:Nw was complete.
<to be read again> 
                   \par 
l.17 \input
           {pgfsyssoftpath.code.tex}
I suspect you've forgotten a `}', causing me to apply this
control sequence to too much text. How can we recover?
My plan is to forget the whole thing and hope for the best.

d:/APP/texlive/2025/texmf-dist/tex/latex/pgf/systemlayer/pgfsys.sty:17: Argument of \__file_name_expand_cleanup:Nw has an extra }.
<inserted text> 
                \par 
l.17 \input
           {pgfsyssoftpath.code.tex}
I've run across a `}' that doesn't seem to match anything.
For example, `\def\a#1{...}' and `\a}' would produce
this error. If you simply proceed now, the `\par' that
I've just inserted will cause me to report a runaway
argument that might be the root of the problem. But if
your `}' was spurious, just type `2' and it will go away.

Runaway argument?
d:/APP/texlive/2025/texmf-dist/tex/latex/pgf/systemlayer/pgfsys.sty:17: Paragraph ended before \__file_name_expand_cleanup:Nw was complete.
<to be read again> 
                   \par 
l.17 \input
           {pgfsyssoftpath.code.tex}
I suspect you've forgotten a `}', causing me to apply this
control sequence to too much text. How can we recover?
My plan is to forget the whole thing and hope for the best.

d:/APP/texlive/2025/texmf-dist/tex/latex/pgf/systemlayer/pgfsys.sty:17: Argument of \@firstoftwo has an extra }.
<inserted text> 
                \par 
l.17 \input
           {pgfsyssoftpath.code.tex}
I've run across a `}' that doesn't seem to match anything.
For example, `\def\a#1{...}' and `\a}' would produce
this error. If you simply proceed now, the `\par' that
I've just inserted will cause me to report a runaway
argument that might be the root of the problem. But if
your `}' was spurious, just type `2' and it will go away.

Runaway argument?
d:/APP/texlive/2025/texmf-dist/tex/latex/pgf/systemlayer/pgfsys.sty:17: Paragraph ended before \@firstoftwo was complete.
<to be read again> 
                   \par 
l.17 \input
           {pgfsyssoftpath.code.tex}
I suspect you've forgotten a `}', causing me to apply this
control sequence to too much text. How can we recover?
My plan is to forget the whole thing and hope for the best.

d:/APP/texlive/2025/texmf-dist/tex/latex/pgf/systemlayer/pgfsys.sty:17: Missing \endcsname inserted.
<to be read again> 
                   \scan_stop: 
l.17 \input
           {pgfsyssoftpath.code.tex}
The control sequence marked <to be read again> should
not appear between \csname and \endcsname.

d:/APP/texlive/2025/texmf-dist/tex/latex/pgf/systemlayer/pgfsys.sty:17: Use of \??? doesn't match its definition.
<argument> \???  
                 ! LaTeX Error: \scan_stop: invalid in file name. Lost: \mod...
l.17 \input
           {pgfsyssoftpath.code.tex}
If you say, e.g., `\def\a1{...}', then you must always
put `1' after `\a', since control sequence names are
made up of letters only. The macro here has not been
followed by the required stuff, so I'm ignoring it.

d:/APP/texlive/2025/texmf-dist/tex/latex/pgf/systemlayer/pgfsys.sty:17: Argument of \__file_name_expand_cleanup:Nw has an extra }.
<inserted text> 
                \par 
l.17 \input
           {pgfsyssoftpath.code.tex}
I've run across a `}' that doesn't seem to match anything.
For example, `\def\a#1{...}' and `\a}' would produce
this error. If you simply proceed now, the `\par' that
I've just inserted will cause me to report a runaway
argument that might be the root of the problem. But if
your `}' was spurious, just type `2' and it will go away.

Runaway argument?
d:/APP/texlive/2025/texmf-dist/tex/latex/pgf/systemlayer/pgfsys.sty:17: Paragraph ended before \__file_name_expand_cleanup:Nw was complete.
<to be read again> 
                   \par 
l.17 \input
           {pgfsyssoftpath.code.tex}
I suspect you've forgotten a `}', causing me to apply this
control sequence to too much text. How can we recover?
My plan is to forget the whole thing and hope for the best.

d:/APP/texlive/2025/texmf-dist/tex/latex/pgf/systemlayer/pgfsys.sty:17: Argument of \__file_name_expand_cleanup:Nw has an extra }.
<inserted text> 
                \par 
l.17 \input
           {pgfsyssoftpath.code.tex}
I've run across a `}' that doesn't seem to match anything.
For example, `\def\a#1{...}' and `\a}' would produce
this error. If you simply proceed now, the `\par' that
I've just inserted will cause me to report a runaway
argument that might be the root of the problem. But if
your `}' was spurious, just type `2' and it will go away.

Runaway argument?
d:/APP/texlive/2025/texmf-dist/tex/latex/pgf/systemlayer/pgfsys.sty:17: Paragraph ended before \__file_name_expand_cleanup:Nw was complete.
<to be read again> 
                   \par 
l.17 \input
           {pgfsyssoftpath.code.tex}
I suspect you've forgotten a `}', causing me to apply this
control sequence to too much text. How can we recover?
My plan is to forget the whole thing and hope for the best.

d:/APP/texlive/2025/texmf-dist/tex/latex/pgf/systemlayer/pgfsys.sty:17: Argument of \@firstoftwo has an extra }.
<inserted text> 
                \par 
l.17 \input
           {pgfsyssoftpath.code.tex}
I've run across a `}' that doesn't seem to match anything.
For example, `\def\a#1{...}' and `\a}' would produce
this error. If you simply proceed now, the `\par' that
I've just inserted will cause me to report a runaway
argument that might be the root of the problem. But if
your `}' was spurious, just type `2' and it will go away.

Runaway argument?
d:/APP/texlive/2025/texmf-dist/tex/latex/pgf/systemlayer/pgfsys.sty:17: Paragraph ended before \@firstoftwo was complete.
<to be read again> 
                   \par 
l.17 \input
           {pgfsyssoftpath.code.tex}
I suspect you've forgotten a `}', causing me to apply this
control sequence to too much text. How can we recover?
My plan is to forget the whole thing and hope for the best.

d:/APP/texlive/2025/texmf-dist/tex/latex/pgf/systemlayer/pgfsys.sty:17: Missing \endcsname inserted.
<to be read again> 
                   \scan_stop: 
l.17 \input
           {pgfsyssoftpath.code.tex}
The control sequence marked <to be read again> should
not appear between \csname and \endcsname.

d:/APP/texlive/2025/texmf-dist/tex/latex/pgf/systemlayer/pgfsys.sty:17: Use of \??? doesn't match its definition.
<argument> \???  
                 ! LaTeX Error: \scan_stop: invalid in file name. Lost: \mod...
l.17 \input
           {pgfsyssoftpath.code.tex}
If you say, e.g., `\def\a1{...}', then you must always
put `1' after `\a', since control sequence names are
made up of letters only. The macro here has not been
followed by the required stuff, so I'm ignoring it.

d:/APP/texlive/2025/texmf-dist/tex/latex/pgf/systemlayer/pgfsys.sty:17: Argument of \__file_name_expand_cleanup:Nw has an extra }.
<inserted text> 
                \par 
l.17 \input
           {pgfsyssoftpath.code.tex}
I've run across a `}' that doesn't seem to match anything.
For example, `\def\a#1{...}' and `\a}' would produce
this error. If you simply proceed now, the `\par' that
I've just inserted will cause me to report a runaway
argument that might be the root of the problem. But if
your `}' was spurious, just type `2' and it will go away.

Runaway argument?
d:/APP/texlive/2025/texmf-dist/tex/latex/pgf/systemlayer/pgfsys.sty:17: Paragraph ended before \__file_name_expand_cleanup:Nw was complete.
<to be read again> 
                   \par 
l.17 \input
           {pgfsyssoftpath.code.tex}
I suspect you've forgotten a `}', causing me to apply this
control sequence to too much text. How can we recover?
My plan is to forget the whole thing and hope for the best.

d:/APP/texlive/2025/texmf-dist/tex/latex/pgf/systemlayer/pgfsys.sty:17: Argument of \__file_name_expand_cleanup:Nw has an extra }.
<inserted text> 
                \par 
l.17 \input
           {pgfsyssoftpath.code.tex}
I've run across a `}' that doesn't seem to match anything.
For example, `\def\a#1{...}' and `\a}' would produce
this error. If you simply proceed now, the `\par' that
I've just inserted will cause me to report a runaway
argument that might be the root of the problem. But if
your `}' was spurious, just type `2' and it will go away.

Runaway argument?
d:/APP/texlive/2025/texmf-dist/tex/latex/pgf/systemlayer/pgfsys.sty:17: Paragraph ended before \__file_name_expand_cleanup:Nw was complete.
<to be read again> 
                   \par 
l.17 \input
           {pgfsyssoftpath.code.tex}
I suspect you've forgotten a `}', causing me to apply this
control sequence to too much text. How can we recover?
My plan is to forget the whole thing and hope for the best.

d:/APP/texlive/2025/texmf-dist/tex/latex/pgf/systemlayer/pgfsys.sty:17: Argument of \@firstoftwo has an extra }.
<inserted text> 
                \par 
l.17 \input
           {pgfsyssoftpath.code.tex}
I've run across a `}' that doesn't seem to match anything.
For example, `\def\a#1{...}' and `\a}' would produce
this error. If you simply proceed now, the `\par' that
I've just inserted will cause me to report a runaway
argument that might be the root of the problem. But if
your `}' was spurious, just type `2' and it will go away.

Runaway argument?
d:/APP/texlive/2025/texmf-dist/tex/latex/pgf/systemlayer/pgfsys.sty:17: Paragraph ended before \@firstoftwo was complete.
<to be read again> 
                   \par 
l.17 \input
           {pgfsyssoftpath.code.tex}
I suspect you've forgotten a `}', causing me to apply this
control sequence to too much text. How can we recover?
My plan is to forget the whole thing and hope for the best.

d:/APP/texlive/2025/texmf-dist/tex/latex/pgf/systemlayer/pgfsys.sty:17: Missing \endcsname inserted.
<to be read again> 
                   \scan_stop: 
l.17 \input
           {pgfsyssoftpath.code.tex}
The control sequence marked <to be read again> should
not appear between \csname and \endcsname.

d:/APP/texlive/2025/texmf-dist/tex/latex/pgf/systemlayer/pgfsys.sty:17: Use of \??? doesn't match its definition.
<argument> \???  
                 ! LaTeX Error: \scan_stop: invalid in file name. Lost: \mod...
l.17 \input
           {pgfsyssoftpath.code.tex}
If you say, e.g., `\def\a1{...}', then you must always
put `1' after `\a', since control sequence names are
made up of letters only. The macro here has not been
followed by the required stuff, so I'm ignoring it.

d:/APP/texlive/2025/texmf-dist/tex/latex/pgf/systemlayer/pgfsys.sty:17: Argument of \__file_name_expand_cleanup:Nw has an extra }.
<inserted text> 
                \par 
l.17 \input
           {pgfsyssoftpath.code.tex}
I've run across a `}' that doesn't seem to match anything.
For example, `\def\a#1{...}' and `\a}' would produce
this error. If you simply proceed now, the `\par' that
I've just inserted will cause me to report a runaway
argument that might be the root of the problem. But if
your `}' was spurious, just type `2' and it will go away.

Runaway argument?
d:/APP/texlive/2025/texmf-dist/tex/latex/pgf/systemlayer/pgfsys.sty:17: Paragraph ended before \__file_name_expand_cleanup:Nw was complete.
<to be read again> 
                   \par 
l.17 \input
           {pgfsyssoftpath.code.tex}
I suspect you've forgotten a `}', causing me to apply this
control sequence to too much text. How can we recover?
My plan is to forget the whole thing and hope for the best.

d:/APP/texlive/2025/texmf-dist/tex/latex/pgf/systemlayer/pgfsys.sty:17: Argument of \__file_name_expand_cleanup:Nw has an extra }.
<inserted text> 
                \par 
l.17 \input
           {pgfsyssoftpath.code.tex}
I've run across a `}' that doesn't seem to match anything.
For example, `\def\a#1{...}' and `\a}' would produce
this error. If you simply proceed now, the `\par' that
I've just inserted will cause me to report a runaway
argument that might be the root of the problem. But if
your `}' was spurious, just type `2' and it will go away.

Runaway argument?
d:/APP/texlive/2025/texmf-dist/tex/latex/pgf/systemlayer/pgfsys.sty:17: Paragraph ended before \__file_name_expand_cleanup:Nw was complete.
<to be read again> 
                   \par 
l.17 \input
           {pgfsyssoftpath.code.tex}
I suspect you've forgotten a `}', causing me to apply this
control sequence to too much text. How can we recover?
My plan is to forget the whole thing and hope for the best.

d:/APP/texlive/2025/texmf-dist/tex/latex/pgf/systemlayer/pgfsys.sty:17: Argument of \@firstoftwo has an extra }.
<inserted text> 
                \par 
l.17 \input
           {pgfsyssoftpath.code.tex}
I've run across a `}' that doesn't seem to match anything.
For example, `\def\a#1{...}' and `\a}' would produce
this error. If you simply proceed now, the `\par' that
I've just inserted will cause me to report a runaway
argument that might be the root of the problem. But if
your `}' was spurious, just type `2' and it will go away.

Runaway argument?
d:/APP/texlive/2025/texmf-dist/tex/latex/pgf/systemlayer/pgfsys.sty:17: Paragraph ended before \@firstoftwo was complete.
<to be read again> 
                   \par 
l.17 \input
           {pgfsyssoftpath.code.tex}
I suspect you've forgotten a `}', causing me to apply this
control sequence to too much text. How can we recover?
My plan is to forget the whole thing and hope for the best.

d:/APP/texlive/2025/texmf-dist/tex/latex/pgf/systemlayer/pgfsys.sty:17: Missing \endcsname inserted.
<to be read again> 
                   \scan_stop: 
l.17 \input
           {pgfsyssoftpath.code.tex}
The control sequence marked <to be read again> should
not appear between \csname and \endcsname.

d:/APP/texlive/2025/texmf-dist/tex/latex/pgf/systemlayer/pgfsys.sty:17: Use of \??? doesn't match its definition.
<argument> \???  
                 ! LaTeX Error: \scan_stop: invalid in file name. Lost: \mod...
l.17 \input
           {pgfsyssoftpath.code.tex}
If you say, e.g., `\def\a1{...}', then you must always
put `1' after `\a', since control sequence names are
made up of letters only. The macro here has not been
followed by the required stuff, so I'm ignoring it.

d:/APP/texlive/2025/texmf-dist/tex/latex/pgf/systemlayer/pgfsys.sty:17: Argument of \__file_name_expand_cleanup:Nw has an extra }.
<inserted text> 
                \par 
l.17 \input
           {pgfsyssoftpath.code.tex}
I've run across a `}' that doesn't seem to match anything.
For example, `\def\a#1{...}' and `\a}' would produce
this error. If you simply proceed now, the `\par' that
I've just inserted will cause me to report a runaway
argument that might be the root of the problem. But if
your `}' was spurious, just type `2' and it will go away.

Runaway argument?
d:/APP/texlive/2025/texmf-dist/tex/latex/pgf/systemlayer/pgfsys.sty:17: Paragraph ended before \__file_name_expand_cleanup:Nw was complete.
<to be read again> 
                   \par 
l.17 \input
           {pgfsyssoftpath.code.tex}
I suspect you've forgotten a `}', causing me to apply this
control sequence to too much text. How can we recover?
My plan is to forget the whole thing and hope for the best.

d:/APP/texlive/2025/texmf-dist/tex/latex/pgf/systemlayer/pgfsys.sty:17: Argument of \__file_name_expand_cleanup:Nw has an extra }.
<inserted text> 
                \par 
l.17 \input
           {pgfsyssoftpath.code.tex}
I've run across a `}' that doesn't seem to match anything.
For example, `\def\a#1{...}' and `\a}' would produce
this error. If you simply proceed now, the `\par' that
I've just inserted will cause me to report a runaway
argument that might be the root of the problem. But if
your `}' was spurious, just type `2' and it will go away.

Runaway argument?
d:/APP/texlive/2025/texmf-dist/tex/latex/pgf/systemlayer/pgfsys.sty:17: Paragraph ended before \__file_name_expand_cleanup:Nw was complete.
<to be read again> 
                   \par 
l.17 \input
           {pgfsyssoftpath.code.tex}
I suspect you've forgotten a `}', causing me to apply this
control sequence to too much text. How can we recover?
My plan is to forget the whole thing and hope for the best.

d:/APP/texlive/2025/texmf-dist/tex/latex/pgf/systemlayer/pgfsys.sty:17: Argument of \@firstoftwo has an extra }.
<inserted text> 
                \par 
l.17 \input
           {pgfsyssoftpath.code.tex}
I've run across a `}' that doesn't seem to match anything.
For example, `\def\a#1{...}' and `\a}' would produce
this error. If you simply proceed now, the `\par' that
I've just inserted will cause me to report a runaway
argument that might be the root of the problem. But if
your `}' was spurious, just type `2' and it will go away.

Runaway argument?
d:/APP/texlive/2025/texmf-dist/tex/latex/pgf/systemlayer/pgfsys.sty:17: Paragraph ended before \@firstoftwo was complete.
<to be read again> 
                   \par 
l.17 \input
           {pgfsyssoftpath.code.tex}
I suspect you've forgotten a `}', causing me to apply this
control sequence to too much text. How can we recover?
My plan is to forget the whole thing and hope for the best.

d:/APP/texlive/2025/texmf-dist/tex/latex/pgf/systemlayer/pgfsys.sty:17: Missing \endcsname inserted.
<to be read again> 
                   \scan_stop: 
l.17 \input
           {pgfsyssoftpath.code.tex}
(That makes 100 errors; please try again.) 
Here is how much of TeX's memory you used:
 8594 strings out of 473832
 142057 string characters out of 5731322
 562440 words of memory out of 5000000
 31498 multiletter control sequences out of 15000+600000
 562148 words of font info for 39 fonts, out of 8000000 for 9000
 1348 hyphenation exceptions out of 8191
 106i,0n,132p,414b,101s stack positions out of 10000i,1000n,20000p,200000b,200000s

No pages of output.
